<?xml version="1.0" encoding="UTF-8"?>
<!-- Generated by org.testng.reporters.JUnitXMLReporter -->
<testsuite ignored="0" hostname="DESKTOP-LEF98V2" failures="0" tests="3" name="Default test" time="4.026" errors="0" timestamp="2025-12-29T16:07:55 EET">
  <testcase classname="project1.Mytestcases" name="Login" time="0.318"/>
  <testcase classname="project1.Mytestcases" name="AddToCart" time="0.579"/>
  <testcase classname="project1.Mytestcases" name="CheckOut" time="0.862"/>
</testsuite> <!-- Default test -->
