<?xml version="1.0" encoding="UTF-8"?>
<testng-results ignored="0" total="3" passed="3" failed="0" skipped="0">
  <reporter-output>
  </reporter-output>
  <suite started-at="2025-12-29T16:07:51 EET" name="Default suite" finished-at="2025-12-29T16:07:55 EET" duration-ms="4026">
    <groups>
    </groups>
    <test started-at="2025-12-29T16:07:51 EET" name="Default test" finished-at="2025-12-29T16:07:55 EET" duration-ms="4026">
      <class name="project1.Mytestcases">
        <test-method is-config="true" signature="mytest()[pri:0, instance:project1.Mytestcases@2dd80673]" started-at="2025-12-29T16:07:51 EET" name="mytest" finished-at="2025-12-29T16:07:53 EET" duration-ms="2201" status="PASS">
          <reporter-output>
          </reporter-output>
        </test-method> <!-- mytest -->
        <test-method signature="Login()[pri:1, instance:project1.Mytestcases@2dd80673]" started-at="2025-12-29T16:07:53 EET" name="Login" finished-at="2025-12-29T16:07:53 EET" duration-ms="318" status="PASS">
          <reporter-output>
          </reporter-output>
        </test-method> <!-- Login -->
        <test-method signature="AddToCart()[pri:2, instance:project1.Mytestcases@2dd80673]" started-at="2025-12-29T16:07:53 EET" name="AddToCart" finished-at="2025-12-29T16:07:54 EET" duration-ms="579" status="PASS">
          <reporter-output>
          </reporter-output>
        </test-method> <!-- AddToCart -->
        <test-method signature="CheckOut()[pri:3, instance:project1.Mytestcases@2dd80673]" started-at="2025-12-29T16:07:54 EET" name="CheckOut" finished-at="2025-12-29T16:07:55 EET" duration-ms="862" status="PASS">
          <reporter-output>
          </reporter-output>
        </test-method> <!-- CheckOut -->
        <test-method is-config="true" signature="aftertest()[pri:0, instance:project1.Mytestcases@2dd80673]" started-at="2025-12-29T16:07:55 EET" name="aftertest" finished-at="2025-12-29T16:07:55 EET" duration-ms="1" status="PASS">
          <reporter-output>
          </reporter-output>
        </test-method> <!-- aftertest -->
      </class> <!-- project1.Mytestcases -->
    </test> <!-- Default test -->
  </suite> <!-- Default suite -->
</testng-results>
