<?xml version="1.0" encoding="UTF-8"?>
<!-- Generated by org.testng.reporters.JUnitReportReporter -->
<testsuite hostname="DESKTOP-LEF98V2" failures="0" tests="3" name="project1.Mytestcases" time="1.759" errors="0" timestamp="2025-12-29T16:07:55 EET" skipped="0">
  <testcase classname="project1.Mytestcases" name="Login" time="0.318"/>
  <testcase classname="project1.Mytestcases" name="AddToCart" time="0.579"/>
  <testcase classname="project1.Mytestcases" name="CheckOut" time="0.862"/>
</testsuite> <!-- project1.Mytestcases -->
